<?xml version="1.0" encoding="UTF-8"?>
<!-- Generated by org.testng.reporters.JUnitReportReporter -->
<testsuite name="com.stta.SuiteTwo.SuiteTwoCaseTwo" tests="1" time="23.144" ignored="0" failures="0" timestamp="01 May 2017 18:37:15 GMT" skipped="0" hostname="Kushal" errors="0">
  <testcase name="run" time="23.144" classname="com.stta.SuiteTwo.SuiteTwoCaseTwo"/>
</testsuite> <!-- com.stta.SuiteTwo.SuiteTwoCaseTwo -->
