<?xml version="1.0" encoding="UTF-8"?>
<!-- Generated by org.testng.reporters.JUnitReportReporter -->
<testsuite name="com.stta.Suite1_Flights.S1Case5_MultiCitySearchSummary" tests="1" time="37.614" ignored="0" failures="0" timestamp="20 May 2017 17:06:27 GMT" skipped="0" hostname="Kushal" errors="0">
  <testcase name="run" time="37.614" classname="com.stta.Suite1_Flights.S1Case5_MultiCitySearchSummary"/>
</testsuite> <!-- com.stta.Suite1_Flights.S1Case5_MultiCitySearchSummary -->
