<?xml version="1.0" encoding="UTF-8"?>
<!-- Generated by org.testng.reporters.JUnitReportReporter -->
<testsuite name="com.stta.Suite2_Hotels.S2Case2_HotelsErrMsgWhereBlank" tests="1" time="17.042" ignored="0" failures="0" timestamp="18 May 2017 16:49:10 GMT" skipped="0" hostname="Kushal" errors="0">
  <testcase name="run" time="17.042" classname="com.stta.Suite2_Hotels.S2Case2_HotelsErrMsgWhereBlank"/>
</testsuite> <!-- com.stta.Suite2_Hotels.S2Case2_HotelsErrMsgWhereBlank -->
