<?xml version="1.0" encoding="UTF-8"?>
<!-- Generated by org.testng.reporters.JUnitReportReporter -->
<testsuite name="com.stta.SuiteOne.SuiteOneCaseTwo" tests="1" time="24.714" ignored="0" failures="0" timestamp="01 May 2017 18:37:15 GMT" skipped="0" hostname="Kushal" errors="0">
  <testcase name="run" time="24.714" classname="com.stta.SuiteOne.SuiteOneCaseTwo"/>
</testsuite> <!-- com.stta.SuiteOne.SuiteOneCaseTwo -->
