<?xml version="1.0" encoding="UTF-8"?>
<!-- Generated by org.testng.reporters.JUnitReportReporter -->
<testsuite name="com.stta.Suite1_Flights.S1Case8_MultiCityWarningMsg" tests="1" time="31.104" ignored="0" failures="0" timestamp="20 May 2017 17:06:27 GMT" skipped="0" hostname="Kushal" errors="0">
  <testcase name="run" time="31.104" classname="com.stta.Suite1_Flights.S1Case8_MultiCityWarningMsg"/>
</testsuite> <!-- com.stta.Suite1_Flights.S1Case8_MultiCityWarningMsg -->
