<?xml version="1.0" encoding="UTF-8"?>
<!-- Generated by org.testng.reporters.JUnitReportReporter -->
<testsuite name="com.stta.SuiteOne.SuiteOneCaseThree" tests="1" time="20.326" ignored="0" failures="0" timestamp="01 May 2017 18:37:15 GMT" skipped="0" hostname="Kushal" errors="0">
  <testcase name="run" time="20.326" classname="com.stta.SuiteOne.SuiteOneCaseThree"/>
</testsuite> <!-- com.stta.SuiteOne.SuiteOneCaseThree -->
