<?xml version="1.0" encoding="UTF-8"?>
<!-- Generated by org.testng.reporters.JUnitReportReporter -->
<testsuite name="com.stta.Suite2_Hotels.SuiteTwoCaseTwo" tests="1" time="22.654" ignored="0" failures="0" timestamp="01 May 2017 19:13:38 GMT" skipped="0" hostname="Kushal" errors="0">
  <testcase name="run" time="22.654" classname="com.stta.Suite2_Hotels.SuiteTwoCaseTwo"/>
</testsuite> <!-- com.stta.Suite2_Hotels.SuiteTwoCaseTwo -->
