<?xml version="1.0" encoding="UTF-8"?>
<!-- Generated by org.testng.reporters.JUnitReportReporter -->
<testsuite name="com.stta.Suite1_Flights.S1Case1_OneWaySearchSummary" tests="1" time="21.042" ignored="0" failures="0" timestamp="26 May 2017 00:03:39 GMT" skipped="0" hostname="Kushal" errors="0">
  <testcase name="run" time="21.042" classname="com.stta.Suite1_Flights.S1Case1_OneWaySearchSummary"/>
</testsuite> <!-- com.stta.Suite1_Flights.S1Case1_OneWaySearchSummary -->
