<?xml version="1.0" encoding="UTF-8"?>
<!-- Generated by org.testng.reporters.JUnitReportReporter -->
<testsuite name="com.stta.Suite1_Flights.S1Case3_RoundTripSearchSummary" tests="1" time="23.724" ignored="0" failures="0" timestamp="20 May 2017 17:06:27 GMT" skipped="0" hostname="Kushal" errors="0">
  <testcase name="run" time="23.724" classname="com.stta.Suite1_Flights.S1Case3_RoundTripSearchSummary"/>
</testsuite> <!-- com.stta.Suite1_Flights.S1Case3_RoundTripSearchSummary -->
