<?xml version="1.0" encoding="UTF-8"?>
<!-- Generated by org.testng.reporters.JUnitReportReporter -->
<testsuite name="com.stta.Suite2_Hotels.SuiteTwoCaseOne" tests="1" time="23.472" ignored="0" failures="0" timestamp="01 May 2017 19:13:38 GMT" skipped="0" hostname="Kushal" errors="0">
  <testcase name="run" time="23.472" classname="com.stta.Suite2_Hotels.SuiteTwoCaseOne"/>
</testsuite> <!-- com.stta.Suite2_Hotels.SuiteTwoCaseOne -->
